[    0.000000] Initializing cgroup subsys cpuset
[    0.000000] Initializing cgroup subsys cpu
[    0.000000] Initializing cgroup subsys cpuacct
[    0.000000] Linux version 4.4.0-210-generic (buildd@lgw01-amd64-009) (gcc version 5.4.0 20160609 (Ubuntu 5.4.0-6ubuntu1~16.04.12) ) #242-Ubuntu SMP Fri Apr 16 09:57:56 UTC 2021 (Ubuntu 4.4.0-210.242-generic 4.4.262)
[    0.000000] Command line: BOOT_IMAGE=/boot/vmlinuz-4.4.0-210-generic root=LABEL=cloudimg-rootfs ro console=tty1 console=ttyS0
[    0.000000] KERNEL supported cpus:
[    0.000000]   Intel GenuineIntel
[    0.000000]   AMD AuthenticAMD
[    0.000000]   Centaur CentaurHauls
[    0.000000] x86/fpu: xstate_offset[2]:  576, xstate_sizes[2]:  256
[    0.000000] x86/fpu: Supporting XSAVE feature 0x01: 'x87 floating point registers'
[    0.000000] x86/fpu: Supporting XSAVE feature 0x02: 'SSE registers'
[    0.000000] x86/fpu: Supporting XSAVE feature 0x04: 'AVX registers'
[    0.000000] x86/fpu: Enabled xstate features 0x7, context size is 832 bytes, using 'standard' format.
[    0.000000] e820: BIOS-provided physical RAM map:
[    0.000000] BIOS-e820: [mem 0x0000000000000000-0x000000000009fbff] usable
[    0.000000] BIOS-e820: [mem 0x000000000009fc00-0x000000000009ffff] reserved
[    0.000000] BIOS-e820: [mem 0x00000000000f0000-0x00000000000fffff] reserved
[    0.000000] BIOS-e820: [mem 0x0000000000100000-0x00000000dffeffff] usable
[    0.000000] BIOS-e820: [mem 0x00000000dfff0000-0x00000000dfffffff] ACPI data
[    0.000000] BIOS-e820: [mem 0x00000000fec00000-0x00000000fec00fff] reserved
[    0.000000] BIOS-e820: [mem 0x00000000fee00000-0x00000000fee00fff] reserved
[    0.000000] BIOS-e820: [mem 0x00000000fffc0000-0x00000000ffffffff] reserved
[    0.000000] BIOS-e820: [mem 0x0000000100000000-0x000000019fffffff] usable
[    0.000000] NX (Execute Disable) protection: active
[    0.000000] SMBIOS 2.5 present.
[    0.000000] Hypervisor detected: KVM
[    0.000000] e820: last_pfn = 0x1a0000 max_arch_pfn = 0x400000000
[    0.000000] MTRR: Disabled
[    0.000000] x86/PAT: MTRRs disabled, skipping PAT initialization too.
[    0.000000] CPU MTRRs all blank - virtualized system.
[    0.000000] x86/PAT: Configuration [0-7]: WB  WT  UC- UC  WB  WT  UC- UC  
[    0.000000] e820: last_pfn = 0xdfff0 max_arch_pfn = 0x400000000
[    0.000000] found SMP MP-table at [mem 0x0009fff0-0x0009ffff] mapped at [ffff88000009fff0]
[    0.000000] Scanning 1 areas for low memory corruption
[    0.000000] RAMDISK: [mem 0x362dc000-0x37165fff]
[    0.000000] ACPI: Early table checksum verification disabled
[    0.000000] ACPI: RSDP 0x00000000000E0000 000024 (v02 VBOX  )
[    0.000000] ACPI: XSDT 0x00000000DFFF0030 00003C (v01 VBOX   VBOXXSDT 00000001 ASL  00000061)
[    0.000000] ACPI: FACP 0x00000000DFFF00F0 0000F4 (v04 VBOX   VBOXFACP 00000001 ASL  00000061)
[    0.000000] ACPI: DSDT 0x00000000DFFF0470 002325 (v02 VBOX   VBOXBIOS 00000002 INTL 20200925)
[    0.000000] ACPI: FACS 0x00000000DFFF0200 000040
[    0.000000] ACPI: FACS 0x00000000DFFF0200 000040
[    0.000000] ACPI: APIC 0x00000000DFFF0240 00005C (v02 VBOX   VBOXAPIC 00000001 ASL  00000061)
[    0.000000] ACPI: SSDT 0x00000000DFFF02A0 0001CC (v01 VBOX   VBOXCPUT 00000002 INTL 20200925)
[    0.000000] No NUMA configuration found
[    0.000000] Faking a node at [mem 0x0000000000000000-0x000000019fffffff]
[    0.000000] NODE_DATA(0) allocated [mem 0x19fff7000-0x19fffbfff]
[    0.000000] kvm-clock: Using msrs 4b564d01 and 4b564d00
[    0.000000] kvm-clock: cpu 0, msr 1:9ffef001, primary cpu clock
[    0.000000] kvm-clock: using sched offset of 3168909590 cycles
[    0.000000] clocksource: kvm-clock: mask: 0xffffffffffffffff max_cycles: 0x1cd42e4dffb, max_idle_ns: 881590591483 ns
[    0.000000] Zone ranges:
[    0.000000]   DMA      [mem 0x0000000000001000-0x0000000000ffffff]
[    0.000000]   DMA32    [mem 0x0000000001000000-0x00000000ffffffff]
[    0.000000]   Normal   [mem 0x0000000100000000-0x000000019fffffff]
[    0.000000]   Device   empty
[    0.000000] Movable zone start for each node
[    0.000000] Early memory node ranges
[    0.000000]   node   0: [mem 0x0000000000001000-0x000000000009efff]
[    0.000000]   node   0: [mem 0x0000000000100000-0x00000000dffeffff]
[    0.000000]   node   0: [mem 0x0000000100000000-0x000000019fffffff]
[    0.000000] Initmem setup node 0 [mem 0x0000000000001000-0x000000019fffffff]
[    0.000000] ACPI: PM-Timer IO Port: 0x4008
[    0.000000] IOAPIC[0]: apic_id 2, version 32, address 0xfec00000, GSI 0-23
[    0.000000] ACPI: INT_SRC_OVR (bus 0 bus_irq 0 global_irq 2 dfl dfl)
[    0.000000] ACPI: INT_SRC_OVR (bus 0 bus_irq 9 global_irq 9 low level)
[    0.000000] Using ACPI (MADT) for SMP configuration information
[    0.000000] smpboot: Allowing 2 CPUs, 0 hotplug CPUs
[    0.000000] PM: Registered nosave memory: [mem 0x00000000-0x00000fff]
[    0.000000] PM: Registered nosave memory: [mem 0x0009f000-0x0009ffff]
[    0.000000] PM: Registered nosave memory: [mem 0x000a0000-0x000effff]
[    0.000000] PM: Registered nosave memory: [mem 0x000f0000-0x000fffff]
[    0.000000] PM: Registered nosave memory: [mem 0xdfff0000-0xdfffffff]
[    0.000000] PM: Registered nosave memory: [mem 0xe0000000-0xfebfffff]
[    0.000000] PM: Registered nosave memory: [mem 0xfec00000-0xfec00fff]
[    0.000000] PM: Registered nosave memory: [mem 0xfec01000-0xfedfffff]
[    0.000000] PM: Registered nosave memory: [mem 0xfee00000-0xfee00fff]
[    0.000000] PM: Registered nosave memory: [mem 0xfee01000-0xfffbffff]
[    0.000000] PM: Registered nosave memory: [mem 0xfffc0000-0xffffffff]
[    0.000000] e820: [mem 0xe0000000-0xfebfffff] available for PCI devices
[    0.000000] Booting paravirtualized kernel on KVM
[    0.000000] clocksource: refined-jiffies: mask: 0xffffffff max_cycles: 0xffffffff, max_idle_ns: 7645519600211568 ns
[    0.000000] setup_percpu: NR_CPUS:512 nr_cpumask_bits:512 nr_cpu_ids:2 nr_node_ids:1
[    0.000000] PERCPU: Embedded 33 pages/cpu @ffff88019fc00000 s95192 r8192 d31784 u1048576
[    0.000000] Built 1 zonelists in Node order, mobility grouping on.  Total pages: 1548152
[    0.000000] Policy zone: Normal
[    0.000000] Kernel command line: BOOT_IMAGE=/boot/vmlinuz-4.4.0-210-generic root=LABEL=cloudimg-rootfs ro console=tty1 console=ttyS0
[    0.000000] PID hash table entries: 4096 (order: 3, 32768 bytes)
[    0.000000] Memory: 6092688K/6291000K available (8644K kernel code, 1332K rwdata, 4044K rodata, 1492K init, 1164K bss, 198312K reserved, 0K cma-reserved)
[    0.000000] SLUB: HWalign=64, Order=0-3, MinObjects=0, CPUs=2, Nodes=1
[    0.000000] Kernel/User page tables isolation: enabled
[    0.000000] Hierarchical RCU implementation.
[    0.000000] 	Build-time adjustment of leaf fanout to 64.
[    0.000000] 	RCU restricting CPUs from NR_CPUS=512 to nr_cpu_ids=2.
[    0.000000] RCU: Adjusting geometry for rcu_fanout_leaf=64, nr_cpu_ids=2
[    0.000000] NR_IRQS:33024 nr_irqs:440 16
[    0.000000] Console: colour VGA+ 80x25
[    0.000000] console [tty1] enabled
[    0.000000] console [ttyS0] enabled
[    0.000000] tsc: Detected 2496.010 MHz processor
[    0.385289] Calibrating delay loop (skipped) preset value.. 4992.02 BogoMIPS (lpj=9984040)
[    0.386542] pid_max: default: 32768 minimum: 301
[    0.387320] ACPI: Core revision 20150930
[    0.388929] ACPI: 2 ACPI AML tables successfully acquired and loaded
[    0.391502] Security Framework initialized
[    0.392510] Yama: becoming mindful.
[    0.393309] AppArmor: AppArmor initialized
[    0.396017] Dentry cache hash table entries: 1048576 (order: 11, 8388608 bytes)
[    0.402174] Inode-cache hash table entries: 524288 (order: 10, 4194304 bytes)
[    0.410401] Mount-cache hash table entries: 16384 (order: 5, 131072 bytes)
[    0.412702] Mountpoint-cache hash table entries: 16384 (order: 5, 131072 bytes)
[    0.416024] Initializing cgroup subsys io
[    0.417027] Initializing cgroup subsys memory
[    0.417847] Initializing cgroup subsys devices
[    0.418593] Initializing cgroup subsys freezer
[    0.419457] Initializing cgroup subsys net_cls
[    0.420334] Initializing cgroup subsys perf_event
[    0.421283] Initializing cgroup subsys net_prio
[    0.422177] Initializing cgroup subsys hugetlb
[    0.423502] Initializing cgroup subsys pids
[    0.434734] mce: CPU supports 0 MCE banks
[    0.435402] Last level iTLB entries: 4KB 64, 2MB 8, 4MB 8
[    0.436186] Last level dTLB entries: 4KB 64, 2MB 0, 4MB 0, 1GB 4
[    0.437050] Spectre V1 : Mitigation: usercopy/swapgs barriers and __user pointer sanitization
[    0.438430] Spectre V2 : Mitigation: Full generic retpoline
[    0.439384] Spectre V2 : Spectre v2 / SpectreRSB mitigation: Filling RSB on context switch
[    0.440766] Speculative Store Bypass: Vulnerable
[    0.441662] MDS: Mitigation: Clear CPU buffers
[    0.444647] Freeing SMP alternatives memory: 36K
[    0.450991] ftrace: allocating 32380 entries in 127 pages
[    0.502204] smpboot: APIC(0) Converting physical 0 to logical package 0
[    0.503246] smpboot: Max logical packages: 1
[    0.504154] x2apic enabled
[    0.504983] Switched APIC routing to physical x2apic.
[    0.507769] ..TIMER: vector=0x30 apic1=0 pin1=2 apic2=-1 pin2=-1
[    0.616855] APIC calibration not consistent with PM-Timer: 101ms instead of 100ms
[    0.618315] APIC delta adjusted to PM-Timer: 6249691 (6321607)
[    0.619401] smpboot: CPU0: Intel(R) Core(TM) i5-10300H CPU @ 2.50GHz (family: 0x6, model: 0xa5, stepping: 0x2)
[    0.621267] Performance Events: unsupported p6 CPU model 165 no PMU driver, software events only.
[    0.634435] KVM setup paravirtual spinlock
[    0.635879] x86: Booting SMP configuration:
[    0.636622] .... node  #0, CPUs:      #1
[    0.640657] kvm-clock: cpu 1, msr 1:9ffef041, secondary cpu clock
[    0.649164] mce: CPU supports 0 MCE banks
[    0.652013] x86: Booted up 1 node, 2 CPUs
[    0.652983] smpboot: Total of 2 processors activated (9984.04 BogoMIPS)
[    0.654449] devtmpfs: initialized
[    0.656925] evm: security.selinux
[    0.657581] evm: security.SMACK64
[    0.658140] evm: security.SMACK64EXEC
[    0.658718] evm: security.SMACK64TRANSMUTE
[    0.659514] evm: security.SMACK64MMAP
[    0.660197] evm: security.ima
[    0.660710] evm: security.capability
[    0.661457] clocksource: jiffies: mask: 0xffffffff max_cycles: 0xffffffff, max_idle_ns: 7645041785100000 ns
[    0.662842] futex hash table entries: 512 (order: 3, 32768 bytes)
[    0.663799] pinctrl core: initialized pinctrl subsystem
[    0.664802] RTC time: 16:54:10, date: 08/28/22
[    0.665828] NET: Registered protocol family 16
[    0.675628] cpuidle: using governor ladder
[    0.687855] cpuidle: using governor menu
[    0.688861] PCCT header not found.
[    0.689971] ACPI: bus type PCI registered
[    0.690775] acpiphp: ACPI Hot Plug PCI Controller Driver version: 0.5
[    0.692192] PCI: Using configuration type 1 for base access
[    0.704365] ACPI: Added _OSI(Module Device)
[    0.705348] ACPI: Added _OSI(Processor Device)
[    0.706208] ACPI: Added _OSI(3.0 _SCP Extensions)
[    0.707105] ACPI: Added _OSI(Processor Aggregator Device)
[    0.708784] ACPI: Executed 1 blocks of module-level executable AML code
[    0.712061] ACPI: Interpreter enabled
[    0.712820] ACPI: (supports S0 S5)
[    0.713519] ACPI: Using IOAPIC for interrupt routing
[    0.714644] PCI: Using host bridge windows from ACPI; if necessary, use "pci=nocrs" and report a bug
[    0.720901] ACPI: PCI Root Bridge [PCI0] (domain 0000 [bus 00-ff])
[    0.722264] acpi PNP0A03:00: _OSC: OS supports [ASPM ClockPM Segments MSI]
[    0.724192] acpi PNP0A03:00: _OSC: not requesting OS control; OS requires [ExtendedConfig ASPM ClockPM MSI]
[    0.737403] acpi PNP0A03:00: fail to add MMCONFIG information, can't access extended PCI configuration space under this bridge.
[    0.739806] PCI host bridge to bus 0000:00
[    0.740628] pci_bus 0000:00: root bus resource [io  0x0000-0x0cf7 window]
[    0.741725] pci_bus 0000:00: root bus resource [io  0x0d00-0xffff window]
[    0.742788] pci_bus 0000:00: root bus resource [mem 0x000a0000-0x000bffff window]
[    0.744175] pci_bus 0000:00: root bus resource [mem 0xe0000000-0xfdffffff window]
[    0.745523] pci_bus 0000:00: root bus resource [bus 00-ff]
[    0.748113] pci 0000:00:01.1: legacy IDE quirk: reg 0x10: [io  0x01f0-0x01f7]
[    0.749359] pci 0000:00:01.1: legacy IDE quirk: reg 0x14: [io  0x03f6]
[    0.750462] pci 0000:00:01.1: legacy IDE quirk: reg 0x18: [io  0x0170-0x0177]
[    0.751584] pci 0000:00:01.1: legacy IDE quirk: reg 0x1c: [io  0x0376]
[    0.876988] pci 0000:00:07.0: quirk: [io  0x4000-0x403f] claimed by PIIX4 ACPI
[    0.878927] pci 0000:00:07.0: quirk: [io  0x4100-0x410f] claimed by PIIX4 SMB
[    0.962316] ACPI: PCI Interrupt Link [LNKA] (IRQs 5 9 10 *11)
[    0.963940] ACPI: PCI Interrupt Link [LNKB] (IRQs 5 9 *10 11)
[    0.966578] ACPI: PCI Interrupt Link [LNKC] (IRQs 5 *9 10 11)
[    0.968474] ACPI: PCI Interrupt Link [LNKD] (IRQs 5 9 10 *11)
[    0.969635] ACPI: Enabled 2 GPEs in block 00 to 07
[    0.970547] vgaarb: setting as boot device: PCI:0000:00:02.0
[    0.971307] vgaarb: device added: PCI:0000:00:02.0,decodes=io+mem,owns=io+mem,locks=none
[    0.972656] vgaarb: loaded
[    0.973238] vgaarb: bridge control possible 0000:00:02.0
[    0.974337] SCSI subsystem initialized
[    0.975170] ACPI: bus type USB registered
[    0.975954] usbcore: registered new interface driver usbfs
[    0.976874] usbcore: registered new interface driver hub
[    0.977768] usbcore: registered new device driver usb
[    0.978826] PCI: Using ACPI for IRQ routing
[    0.979838] NetLabel: Initializing
[    0.980563] NetLabel:  domain hash size = 128
[    0.981597] NetLabel:  protocols = UNLABELED CIPSOv4
[    0.982446] NetLabel:  unlabeled traffic allowed by default
[    0.983315] amd_nb: Cannot enumerate AMD northbridges
[    0.984110] clocksource: Switched to clocksource kvm-clock
[    0.990800] AppArmor: AppArmor Filesystem Enabled
[    0.991714] pnp: PnP ACPI init
[    0.993013] pnp: PnP ACPI: found 3 devices
[    0.999377] clocksource: acpi_pm: mask: 0xffffff max_cycles: 0xffffff, max_idle_ns: 2085701024 ns
[    1.001003] NET: Registered protocol family 2
[    1.001983] TCP established hash table entries: 65536 (order: 7, 524288 bytes)
[    1.003972] TCP bind hash table entries: 65536 (order: 8, 1048576 bytes)
[    1.005027] TCP: Hash tables configured (established 65536 bind 65536)
[    1.005933] UDP hash table entries: 4096 (order: 5, 131072 bytes)
[    1.006786] UDP-Lite hash table entries: 4096 (order: 5, 131072 bytes)
[    1.007725] NET: Registered protocol family 1
[    1.008517] pci 0000:00:00.0: Limiting direct PCI/PCI transfers
[    1.009357] pci 0000:00:01.0: Activating ISA DMA hang workarounds
[    1.010842] Unpacking initramfs...
[    1.216805] Freeing initrd memory: 14888K
[    1.217643] PCI-DMA: Using software bounce buffering for IO (SWIOTLB)
[    1.218760] software IO TLB: mapped [mem 0xdbff0000-0xdfff0000] (64MB)
[    1.219933] clocksource: tsc: mask: 0xffffffffffffffff max_cycles: 0x23fa80a809f, max_idle_ns: 440795273818 ns
[    1.221749] platform rtc_cmos: registered platform RTC device (no PNP device found)
[    1.223259] Scanning for low memory corruption every 60 seconds
[    1.224651] audit: initializing netlink subsys (disabled)
[    1.225637] audit: type=2000 audit(1661705656.010:1): initialized
[    1.226973] Initialise system trusted keyring
[    1.227959] HugeTLB registered 2 MB page size, pre-allocated 0 pages
[    1.230389] zbud: loaded
[    1.231261] VFS: Disk quotas dquot_6.6.0
[    1.232091] VFS: Dquot-cache hash table entries: 512 (order 0, 4096 bytes)
[    1.233550] squashfs: version 4.0 (2009/01/31) Phillip Lougher
[    1.234902] fuse init (API version 7.23)
[    1.235932] Key type big_key registered
[    1.236749] Allocating IMA MOK and blacklist keyrings.
[    1.239135] Key type asymmetric registered
[    1.239988] Asymmetric key parser 'x509' registered
[    1.240985] Block layer SCSI generic (bsg) driver version 0.4 loaded (major 249)
[    1.245682] io scheduler noop registered
[    1.246481] io scheduler deadline registered (default)
[    1.247441] io scheduler cfq registered
[    1.248329] pci_hotplug: PCI Hot Plug PCI Core version: 0.5
[    1.249319] pciehp: PCI Express Hot Plug Controller Driver version: 0.4
[    1.250615] ACPI: AC Adapter [AC] (on-line)
[    1.251511] input: Power Button as /devices/LNXSYSTM:00/LNXPWRBN:00/input/input0
[    1.252963] ACPI: Power Button [PWRF]
[    1.253753] input: Sleep Button as /devices/LNXSYSTM:00/LNXSLPBN:00/input/input1
[    1.255143] ACPI: Sleep Button [SLPF]
[    1.256785] ACPI: Battery Slot [BAT0] (battery present)
[    1.257746] GHES: HEST is not enabled!
[    1.258597] Serial: 8250/16550 driver, 32 ports, IRQ sharing enabled
[    1.280178] 00:02: ttyS0 at I/O 0x3f8 (irq = 4, base_baud = 115200) is a 16550A
[    1.282999] Linux agpgart interface v0.103
[    1.285083] loop: module loaded
[    1.286117] scsi host0: ata_piix
[    1.286741] scsi host1: ata_piix
[    1.287307] ata1: PATA max UDMA/33 cmd 0x1f0 ctl 0x3f6 bmdma 0xd000 irq 14
[    1.288293] ata2: PATA max UDMA/33 cmd 0x170 ctl 0x376 bmdma 0xd008 irq 15
[    1.289344] libphy: Fixed MDIO Bus: probed
[    1.289992] tun: Universal TUN/TAP device driver, 1.6
[    1.290728] tun: (C) 1999-2004 Max Krasnyansky <maxk@qualcomm.com>
[    1.291622] PPP generic driver version 2.4.2
[    1.292383] ehci_hcd: USB 2.0 'Enhanced' Host Controller (EHCI) Driver
[    1.293262] ehci-pci: EHCI PCI platform driver
[    1.293924] ehci-platform: EHCI generic platform driver
[    1.294711] ohci_hcd: USB 1.1 'Open' Host Controller (OHCI) Driver
[    1.295575] ohci-pci: OHCI PCI platform driver
[    1.296345] ohci-platform: OHCI generic platform driver
[    1.297152] uhci_hcd: USB Universal Host Controller Interface driver
[    1.298109] i8042: PNP: PS/2 Controller [PNP0303:PS2K,PNP0f03:PS2M] at 0x60,0x64 irq 1,12
[    1.299761] serio: i8042 KBD port at 0x60,0x64 irq 1
[    1.300565] serio: i8042 AUX port at 0x60,0x64 irq 12
[    1.301472] mousedev: PS/2 mouse device common for all mice
[    1.304306] input: AT Translated Set 2 keyboard as /devices/platform/i8042/serio0/input/input2
[    1.304443] rtc_cmos rtc_cmos: rtc core: registered rtc_cmos as rtc0
[    1.304499] rtc_cmos rtc_cmos: alarms up to one day, 114 bytes nvram
[    1.304505] i2c /dev entries driver
[    1.304560] device-mapper: uevent: version 1.0.3
[    1.304607] device-mapper: ioctl: 4.34.0-ioctl (2015-10-28) initialised: dm-devel@redhat.com
[    1.304625] ledtrig-cpu: registered to indicate activity on CPUs
[    1.308396] NET: Registered protocol family 10
[    1.309044] NET: Registered protocol family 17
[    1.309058] Key type dns_resolver registered
[    1.309315] registered taskstats version 1
[    1.309323] Loading compiled-in X.509 certificates
[    1.309757] Loaded X.509 cert 'Build time autogenerated kernel key: cf00e047681d67edb2720680708b7d9498083038'
[    1.309771] zswap: loaded using pool lzo/zbud
[    1.310992] Key type trusted registered
[    1.312985] Key type encrypted registered
[    1.312990] AppArmor: AppArmor sha1 policy hashing enabled
[    1.312992] ima: No TPM chip found, activating TPM-bypass!
[    1.313003] ima: Allocated hash algorithm: sha1
[    1.313017] evm: HMAC attrs: 0x1
[    1.313237]   Magic number: 2:705:945
[    1.313255] tty tty2: hash matches
[    1.313263] processor cpu0: hash matches
[    1.313443] rtc_cmos rtc_cmos: setting system clock to 2022-08-28 16:54:11 UTC (1661705651)
[    1.313507] BIOS EDD facility v0.16 2004-Jun-25, 0 devices found
[    1.313507] EDD information not available.
[    1.467840] Freeing unused kernel memory: 1492K
[    1.468839] Write protecting the kernel read-only data: 14336k
[    1.470276] Freeing unused kernel memory: 1584K
[    1.471293] Freeing unused kernel memory: 52K
Loading, please wait...
starting version 229
[    1.482282] random: systemd-udevd: uninitialized urandom read (16 bytes read, 3 bits of entropy available)
[    1.482842] random: udevadm: uninitialized urandom read (16 bytes read, 3 bits of entropy available)
[    1.482862] random: udevadm: uninitialized urandom read (16 bytes read, 3 bits of entropy available)
[    1.487292] random: systemd-udevd: uninitialized urandom read (16 bytes read, 3 bits of entropy available)
[    1.488986] random: systemd-udevd: uninitialized urandom read (16 bytes read, 3 bits of entropy available)
[    1.489516] random: udevadm: uninitialized urandom read (16 bytes read, 3 bits of entropy available)
[    1.489557] random: udevadm: uninitialized urandom read (16 bytes read, 3 bits of entropy available)
[    1.489673] random: udevadm: uninitialized urandom read (16 bytes read, 3 bits of entropy available)
[    1.489718] random: udevadm: uninitialized urandom read (16 bytes read, 3 bits of entropy available)
[    1.489767] random: udevadm: uninitialized urandom read (16 bytes read, 3 bits of entropy available)
[    1.533254] e1000: Intel(R) PRO/1000 Network Driver - version 7.3.21-k8-NAPI
[    1.534609] e1000: Copyright (c) 1999-2006 Intel Corporation.
[    1.537858] Fusion MPT base driver 3.04.20
[    1.538501] Copyright (c) 1999-2008 LSI Corporation
[    1.546328] Fusion MPT SPI Host driver 3.04.20
[    1.553718] AVX2 version of gcm_enc/dec engaged.
[    1.554553] AES CTR mode by8 optimization enabled
[    1.741406] input: ImExPS/2 Generic Explorer Mouse as /devices/platform/i8042/serio1/input/input4
[    1.892423] e1000 0000:00:03.0 eth0: (PCI:33MHz:32-bit) 02:be:82:6b:cc:1d
[    1.893473] e1000 0000:00:03.0 eth0: Intel(R) PRO/1000 Network Connection
[    1.894845] mptbase: ioc0: Initiating bringup
[    1.956390] ioc0: LSI53C1030 A0: Capabilities={Initiator}
[    2.118362] scsi host2: ioc0: LSI53C1030 A0, FwRev=00000000h, Ports=1, MaxQ=256, IRQ=20
[    2.229033] scsi 2:0:0:0: Direct-Access     VBOX     HARDDISK         1.0  PQ: 0 ANSI: 5
[    2.231007] scsi target2:0:0: Beginning Domain Validation
[    2.232943] scsi target2:0:0: Domain Validation skipping write tests
[    2.234297] scsi target2:0:0: Ending Domain Validation
[    2.235516] scsi target2:0:0: asynchronous
[    2.236893] scsi 2:0:1:0: Direct-Access     VBOX     HARDDISK         1.0  PQ: 0 ANSI: 5
[    2.238788] scsi target2:0:1: Beginning Domain Validation
[    2.240742] scsi target2:0:1: Domain Validation skipping write tests
[    2.242095] scsi target2:0:1: Ending Domain Validation
[    2.243295] scsi target2:0:1: asynchronous
[    2.248927] sd 2:0:0:0: Attached scsi generic sg0 type 0
[    2.250170] sd 2:0:0:0: [sda] 83886080 512-byte logical blocks: (42.9 GB/40.0 GiB)
[    2.252346] sd 2:0:1:0: [sdb] 20480 512-byte logical blocks: (10.5 MB/10.0 MiB)
[    2.252685] sd 2:0:1:0: Attached scsi generic sg1 type 0
[    2.252947] sd 2:0:0:0: [sda] Write Protect is off
[    2.253023] sd 2:0:0:0: [sda] Incomplete mode parameter data
[    2.253025] sd 2:0:0:0: [sda] Assuming drive cache: write through
[    2.254528]  sda: sda1
[    2.255178] sd 2:0:0:0: [sda] Attached SCSI disk
[    2.260362] sd 2:0:1:0: [sdb] Write Protect is off
[    2.261683] sd 2:0:1:0: [sdb] Incomplete mode parameter data
[    2.262958] sd 2:0:1:0: [sdb] Assuming drive cache: write through
[    2.266861] sd 2:0:1:0: [sdb] Attached SCSI disk
[    2.571586] e1000 0000:00:08.0 eth1: (PCI:33MHz:32-bit) 08:00:27:0e:3b:84
[    2.572785] e1000 0000:00:08.0 eth1: Intel(R) PRO/1000 Network Connection
[    2.574630] e1000 0000:00:03.0 enp0s3: renamed from eth0
[    2.584314] e1000 0000:00:08.0 enp0s8: renamed from eth1
Begin: Loading essential drivers ... [    3.862144] md: linear personality registered for level -1
[    3.864775] md: multipath personality registered for level -4
[    3.867748] md: raid0 personality registered for level 0
[    3.871876] md: raid1 personality registered for level 1
[    3.940132] raid6: sse2x1   gen() 11051 MB/s
[    4.008131] raid6: sse2x1   xor()  8011 MB/s
[    4.076130] raid6: sse2x2   gen() 16633 MB/s
[    4.144134] raid6: sse2x2   xor() 10197 MB/s
[    4.212132] raid6: sse2x4   gen() 16635 MB/s
[    4.280132] raid6: sse2x4   xor()  9040 MB/s
[    4.348129] raid6: avx2x1   gen() 24560 MB/s
[    4.416130] raid6: avx2x2   gen() 28012 MB/s
[    4.484134] raid6: avx2x4   gen() 30877 MB/s
[    4.484896] raid6: using algorithm avx2x4 gen() 30877 MB/s
[    4.485786] raid6: using avx2x2 recovery algorithm
[    4.487667] xor: automatically using best checksumming function:
[    4.528131]    avx       : 23657.000 MB/sec
[    4.529913] async_tx: api initialized (async)
[    4.538601] md: raid6 personality registered for level 6
[    4.539689] md: raid5 personality registered for level 5
[    4.540595] md: raid4 personality registered for level 4
[    4.546772] md: raid10 personality registered for level 10
done.
Begin: Running /scripts/init-premount ... done.
Begin: Mounting root file system ... Begin: Running /scripts/local-top ... done.
Begin: Running /scripts/local-premount ... [    4.573651] Btrfs loaded
Scanning for Btrfs filesystems
done.
Warning: fsck not present, so skipping root file system
[    4.596238] EXT4-fs (sda1): mounted filesystem with ordered data mode. Opts: (null)
done.
Begin: Running /scripts/local-bottom ... done.
Begin: Running /scripts/init-bottom ... done.
[    4.669857] systemd[1]: systemd 229 running in system mode. (+PAM +AUDIT +SELINUX +IMA +APPARMOR +SMACK +SYSVINIT +UTMP +LIBCRYPTSETUP +GCRYPT +GNUTLS +ACL +XZ -LZ4 +SECCOMP +BLKID +ELFUTILS +KMOD -IDN)
[    4.672744] systemd[1]: Detected virtualization oracle.
[    4.673659] systemd[1]: Detected architecture x86-64.

Welcome to [1mUbuntu 16.04.7 LTS[0m!

[    4.676366] systemd[1]: Set hostname to <ubuntu>.
[    4.678709] systemd[1]: Initializing machine ID from random generator.
[    4.679620] systemd[1]: Installed transient /etc/machine-id file.
[    4.773770] systemd[1]: Listening on LVM2 poll daemon socket.
[[0;32m  OK  [0m] Listening on LVM2 poll daemon socket.
[    4.775603] systemd[1]: Set up automount Arbitrary Executable File Formats File System Automount Point.
[[0;32m  OK  [0m] Set up automount Arbitrary Executab...ats File System Automount Point.
[    4.778231] systemd[1]: Started Forward Password Requests to Wall Directory Watch.
[[0;32m  OK  [0m] Started Forward Password Requests to Wall Directory Watch.
[    4.780459] systemd[1]: Listening on udev Kernel Socket.
[[0;32m  OK  [0m] Listening on udev Kernel Socket.
[    4.782148] systemd[1]: Listening on udev Control Socket.
[[0;32m  OK  [0m] Listening on udev Control Socket.
[    4.784088] systemd[1]: Created slice User and Session Slice.
[[0;32m  OK  [0m] Created slice User and Session Slice.
[    4.786073] systemd[1]: Created slice System Slice.
[[0;32m  OK  [0m] Created slice System Slice.
[    4.787815] systemd[1]: Created slice system-serial\x2dgetty.slice.
[[0;32m  OK  [0m] Created slice system-serial\x2dgetty.slice.
[    4.789738] systemd[1]: Reached target Slices.
[[0;32m  OK  [0m] Reached target Slices.
[    4.791173] systemd[1]: Reached target Encrypted Volumes.
[[0;32m  OK  [0m] Reached target Encrypted Volumes.
[    4.792893] systemd[1]: Listening on /dev/initctl Compatibility Named Pipe.
[[0;32m  OK  [0m] Listening on /dev/initctl Compatibility Named Pipe.
[    4.794948] systemd[1]: Started Trigger resolvconf update for networkd DNS.
[[0;32m  OK  [0m] Started Trigger resolvconf update for networkd DNS.
[    4.797036] systemd[1]: Listening on fsck to fsckd communication Socket.
[[0;32m  OK  [0m] Listening on fsck to fsckd communication Socket.
[    4.799008] systemd[1]: Reached target User and Group Name Lookups.
[[0;32m  OK  [0m] Reached target User and Group Name Lookups.
[    4.800936] systemd[1]: Listening on Device-mapper event daemon FIFOs.
[[0;32m  OK  [0m] Listening on Device-mapper event daemon FIFOs.
[    4.802864] systemd[1]: Reached target Swap.
[[0;32m  OK  [0m] Reached target Swap.
[    4.804302] systemd[1]: Listening on Journal Socket (/dev/log).
[[0;32m  OK  [0m] Listening on Journal Socket (/dev/log).
[    4.806156] systemd[1]: Listening on Journal Audit Socket.
[[0;32m  OK  [0m] Listening on Journal Audit Socket.
[    4.807855] systemd[1]: Listening on Syslog Socket.
[[0;32m  OK  [0m] Listening on Syslog Socket.
[    4.809415] systemd[1]: Reached target System Time Synchronized.
[[0;32m  OK  [0m] Reached target System Time Synchronized.
[    4.811220] systemd[1]: Listening on LVM2 metadata daemon socket.
[[0;32m  OK  [0m] Listening on LVM2 metadata daemon socket.
[    4.813085] systemd[1]: Listening on Journal Socket.
[[0;32m  OK  [0m] Listening on Journal Socket.
[    4.827009] systemd[1]: Starting Load Kernel Modules...
         Starting Load Kernel Modules...
[    4.829215] systemd[1]: Starting Monitoring of LVM2 mirrors, snapshots etc. using dmeventd or progress polling...
         Starting Monitoring of LVM2 mirrors... dmeventd or progress polling...
[    4.832582] systemd[1]: Mounting Debug File System...
         Mounting Debug File System...
[    4.834687] systemd[1]: Starting File System Check on Root Device...
         Starting File System Check on Root Device...
[    4.837242] systemd[1]: Mounting Huge Pages File System...
         Mounting Huge Pages File System...
[    4.840800] systemd[1]: Starting Set console keymap...
         Starting Set console keymap...
[    4.842904] systemd[1]: Starting Nameserver information manager...
         Starting Nameserver information manager...
[    4.845796] systemd[1]: Starting Journal Service...
         Starting Journal Service...
[    4.847315] systemd[1]: Starting Create list of required static device nodes for the current kernel...
[    4.848792] Loading iSCSI transport class v2.0-870.
         Starting Create list of required st... nodes for the current kernel...
[    4.854539] systemd[1]: Starting Uncomplicated firewall...
         Starting Uncomplicated firewall...
[    4.857574] systemd[1]: Mounting POSIX Message Queue File System...
         Mounting POSIX Message Queue File System...
[    4.861012] systemd[1]: Mounted Huge Pages File System.
[[0;32m  OK  [0m] Mounted Huge Pages File System.
[    4.862686] systemd[1]: Mounted POSIX Message Queue File System.
[[0;32m  OK  [0m] Mounted POSIX Message Queue File System.
[    4.864519] systemd[1]: Mounted Debug File System.
[[0;32m  OK  [0m] Mounted Debug File System.
[    4.867070] systemd[1]: Started Create list of required static device nodes for the current kernel.
[[0;32m  OK  [0m] Started Create list of required sta...ce nodes for the current kernel.
[    4.870534] systemd[1]: Started Uncomplicated firewall.
[    4.871662] iscsi: registered transport (tcp)
[[0;32m  OK  [0m] Started Uncomplicated firewall.
[    4.873788] systemd[1]: Started Nameserver information manager.
[[0;32m  OK  [0m] Started Nameserver information manager.
[    4.880144] systemd[1]: Started LVM2 metadata daemon.
[[0;32m  OK  [0m] Started LVM2 metadata daemon.
[    4.883609] systemd[1]: Started File System Check Daemon to report status.
[[0;32m  OK  [0m] Started File System Check Daemon to report status.
[    4.887057] systemd[1]: Starting Create Static Device Nodes in /dev...
         Starting Create Static Device Nodes in /dev...
[    4.889715] systemd[1]: Started File System Check on Root Device.
[[0;32m  OK  [0m] Started File System Check on Root Device.
[    4.893019] systemd[1]: Starting Remount Root and Kernel File Systems...
         Starting Remount Root and Kernel File Systems...
[    4.898559] EXT4-fs (sda1): re-mounted. Opts: (null)
[    4.900476] systemd[1]: Started Remount Root and Kernel File Systems.
[[0;32m  OK  [0m] Started Remount Root and Kernel File Systems.
[    4.903172] systemd[1]: Starting Load/Save Random Seed...
         Starting Load/Save Random Seed...
[    4.906345] systemd[1]: Starting udev Coldplug all Devices...
         Starting udev Coldplug all Devices...
[    4.908723] systemd[1]: Started Load/Save Random Seed.
[[0;32m  OK  [0m] Started Load/Save Random Seed.
[    4.916257] systemd[1]: Started Create Static Device Nodes in /dev.
[[0;32m  OK  [0m] Started Create Static Device Nodes in /dev.
[    4.919833] systemd[1]: Started Journal Service.
[[0;32m  OK  [0m] Started Journal Service.
         Starting Flush Journal to Persistent Storage...
         Starting udev Kernel Device Manager...
[    4.934231] iscsi: registered transport (iser)
[[0;32m  OK  [0m] Started Load Kernel Modules.
         Mounting FUSE Control File System...
         Starting Apply Kernel Variables...
[[0;32m  OK  [0m] Mounted FUSE Control File System.
[    4.943900] systemd-journald[388]: Received request to flush runtime journal from PID 1
[[0;32m  OK  [0m] Started Flush Journal to Persistent Storage.
[[0;32m  OK  [0m] Started Apply Kernel Variables.
[[0;32m  OK  [0m] Started Set console keymap.
[[0;32m  OK  [0m] Started udev Kernel Device Manager.
[[0;32m  OK  [0m] Started udev Coldplug all Devices.
[[0;32m  OK  [0m] Started Dispatch Password Requests to Console Directory Watch.
[[0;32m  OK  [0m] Found device /dev/ttyS0.
[[0;32m  OK  [0m] Started Monitoring of LVM2 mirrors,...ng dmeventd or progress polling.
[[0;32m  OK  [0m] Reached target Local File Systems (Pre).
[[0;32m  OK  [0m] Reached target Local File Systems.
         Starting Initial cloud-init job (pre-networking)...
         Starting Commit a transient machine-id on disk...
         Starting Tell Plymouth To Write Out Runtime Data...
         Starting Set console font and keymap...
         Starting LSB: AppArmor initialization...
         Starting Create Volatile Files and Directories...
[[0;32m  OK  [0m] Started Tell Plymouth To Write Out Runtime Data.
[[0;32m  OK  [0m] Started Create Volatile Files and Directories.
         Starting Update UTMP about System Boot/Shutdown...
[[0;32m  OK  [0m] Started Update UTMP about System Boot/Shutdown.
[[0;32m  OK  [0m] Started Commit a transient machine-id on disk.
[[0;32m  OK  [0m] Listening on Load/Save RF Kill Switch Status /dev/rfkill Watch.
[[0;32m  OK  [0m] Started LSB: AppArmor initialization.
         Starting Load AppArmor profiles managed internally by snapd...
[[0;32m  OK  [0m] Started Load AppArmor profiles managed internally by snapd.
[    5.551712] cloud-init[511]: Cloud-init v. 21.1-19-gbad84ad4-0ubuntu1~16.04.2 running 'init-local' at Sun, 28 Aug 2022 16:54:15 +0000. Up 5.21 seconds.
[[0;32m  OK  [0m] Started Initial cloud-init job (pre-networking).
[[0;32m  OK  [0m] Reached target Network (Pre).
         Starting Raise network interfaces...
[[0;32m  OK  [0m] Started Set console font and keymap.
[[0;32m  OK  [0m] Created slice system-getty.slice.
[[0;32m  OK  [0m] Started Raise network interfaces.
         Starting Initial cloud-init job (metadata service crawler)...
[[0;32m  OK  [0m] Reached target Network.
[    6.556825] cloud-init[964]: Cloud-init v. 21.1-19-gbad84ad4-0ubuntu1~16.04.2 running 'init' at Sun, 28 Aug 2022 16:54:16 +0000. Up 6.12 seconds.
[    6.558466] cloud-init[964]: ci-info: ++++++++++++++++++++++++++++++++++++++Net device info+++++++++++++++++++++++++++++++++++++++
[    6.559791] cloud-init[964]: ci-info: +--------+-------+----------------------------+---------------+--------+-------------------+
[    6.561369] cloud-init[964]: ci-info: | Device |   Up  |          Address           |      Mask     | Scope  |     Hw-Address    |
[    6.562874] cloud-init[964]: ci-info: +--------+-------+----------------------------+---------------+--------+-------------------+
[    6.580336] cloud-init[964]: ci-info: | enp0s3 |  True |         10.0.2.15          | 255.255.255.0 | global | 02:be:82:6b:cc:1d |
[    6.582662] cloud-init[964]: ci-info: | enp0s3 |  True | fe80::be:82ff:fe6b:cc1d/64 |       .       |  link  | 02:be:82:6b:cc:1d |
[    6.584731] cloud-init[964]: ci-info: | enp0s8 | False |             .              |       .       |   .    | 08:00:27:0e:3b:84 |
[    6.586261] cloud-init[964]: ci-info: |   lo   |  True |         127.0.0.1          |   255.0.0.0   |  host  |         .         |
[    6.587848] cloud-init[964]: ci-info: |   lo   |  True |          ::1/128           |       .       |  host  |         .         |[[0;32m  OK  [0m] Started Initial cloud-init job (metadata service crawler).
[[0;32m  OK  [0m] Reached target Cloud-config availability.
[[0;32m  OK  [0m] Reached target Network is Online.

[    6.590961] cloud-init[964]: ci-info: +--------+-------+----------------------------+---------------+--------+-------------------+
[    6.592429] cloud-init[964]: ci-info: +++++++++++++++++++++++++++Route IPv4 info++++++++++++++++++++++++++++
[    6.593706] cloud-init[964]: ci-info: +-------+-------------+----------+---------------+-----------+-------+
[    6.594977] cloud-init[964]: ci-info: | Route | Destination | Gateway  |    Genmask    | Interface | Flags |
[    6.596289] cloud-init[964]: ci-info: +-------+-------------+----------+---------------+-----------+-------+
[    6.597558] cloud-init[964]: ci-info: |   0   |   0.0.0.0   | 10.0.2.2 |    0.0.0.0    |   enp0s3  |   UG  |
[    6.598800] cloud-init[964]: ci-info: |   1   |   10.0.2.0  | 0.0.0.0  | 255.255.255.0 |   enp0s3  |   U   |
[    6.600064] cloud-init[964]: ci-info: +-------+-------------+----------+---------------+-----------+-------+
[    6.601362] cloud-init[964]: ci-info: +++++++++++++++++++Route IPv6 info+++++++++++++++++++
[    6.602465] cloud-init[964]: ci-info: +-------+-------------+---------+-----------+-------+
[    6.603574] cloud-init[964]: ci-info: | Route | Destination | Gateway | Interface | Flags |
[    6.604699] cloud-init[964]: ci-info: +-------+-------------+---------+-----------+-------+
[    6.605810] cloud-init[964]: ci-info: |   0   |  fe80::/64  |    ::   |   enp0s3  |   U   |
         Starting iSCSI initiator daemon (iscsid)...
[[0;32m  OK  [0m] Reached target System Initialization.
[[0;32m  OK  [0m] Listening on D-Bus System Message Bus Socket.
[[0;32m  OK  [0m] Started Ubuntu Advantage update messaging.
[[0;32m  OK  [0m] Listening on UUID daemon activation socket.
[[0;32m  OK  [0m] Started Daily apt download activities.
[    6.609023]          Starting LXD - unix socket.
[[0;32m  OK  [0m] Started Message of the Day.
         Starting Socket activation for snappy daemon.
[[0;32m  OK  [0m] Started Daily apt upgrade and clean activities.
cloud-init[964]: ci-info: |   3   |   ff00::/8  |    ::   |   enp0s3  |   U   |
[    6.615389] cloud-init[964]: ci-info: +-------+-------------+---------+-----------+-------+
[    6.616532] cloud-init[964]: Generating public/private rsa key pair.
[    6.617977] [[0;32m  OK  [0m] Started ACPI Events Check.
[[0;32m  OK  [0m] Reached target Paths.
[[0;32m  OK  [0m] Listening on ACPID Listen Socket.
cloud-init[964]: Your identification has been saved in /etc/ssh/ssh_host_rsa_key.
[    6.620162] [[0;32m  OK  [0m] Started Daily Cleanup of Temporary Directories.
[[0;32m  OK  [0m] Reached target Timers.
[[0;32m  OK  [0m] Listening on LXD - unix socket.
[[0;32m  OK  [0m] Listening on Socket activation for snappy daemon.
[[0;32m  OK  [0m] Reached target Sockets.
[[0;32m  OK  [0m] Reached target Basic System.
cloud-init[964]: Your public key has been saved in /etc/ssh/ssh_host_rsa_key.pub.         Starting /etc/rc.local Compatibility...

         Starting LSB: Record successful boot for GRUB...
[    6.625132] cloud-init[964]: The key fingerprint is:
[    6.626012] cloud-init[964]: SHA256:M4w3FtkFNXSCAkEd8iwAEfzA/4mONOfwk/lWl3vMWOE root@ubuntu-xenial
[[0;32m  OK  [0m] Started ACPI event daemon.
[    6.627311]          Starting Accounts Service...
cloud-init[964]: The key's randomart image is:         Starting Snap Daemon...

[    6.637087]          Starting System Logging Service...
cloud-init[[0;32m  OK  [0m] Started D-Bus System Message Bus.
[964]: +---[RSA 2048]----+
[    6.639920] cloud-init[964]: | o++..=+...=* .  |
[    6.641840] cloud-init[964]: |  +  . +oo.. +   |
[    6.642968] cloud-init[964]: |   +  . =..      |
[    6.644578] cloud-init[964]: |    o  + .  .    |
[    6.647277] cloud-init[964]: |     o..S  o .   |
[    6.649844] cloud-init[964]: |  + o oo.+o E    |
[    6.651360] cloud-init[964]: | . O o . . *     |
[    6.652482] cloud-init[964]: |  . B .   o +    |
[    6.653908] cloud-init[964]: |     +.    .     |
[    6.655615] cloud-init[964]: +----[SHA256]-----+
[    6.657756] cloud-init[964]: Generating public/private dsa key pair.
[    6.659268] cloud-init[964]: Your identification has been saved in /etc/ssh/ssh_host_dsa_key.
[    6.660787] cloud-init[964]: Your public key has been saved in /etc/ssh/ssh_host_dsa_key.pub.
[    6.662275] cloud-init[964]: The key fingerprint is:
[    6.663377] cloud-init[964]: SHA256:zEQBzZSmSSRxWBRxMQ7fc2DWhhCcJlVPzKC6PVu9aVk root@ubuntu-xenial
[    6.664882] cloud-init[964]: The key's randomart image is:
[    6.667184] cloud-init[964]: +---[DSA 1024]----+
[    6.669194] cloud-init[964]: |    o*XX@O**.    |
[    6.670169] cloud-init[964]: |    .oo*O*.+=    |
[    6.671130] cloud-init[964]: |     . *= o.o    |
[    6.673330] cloud-init[964]: |      o=   o     |
[    6.675418]          Starting Virtualbox guest utils...
cloud-init[964]: |      . S        |
         Starting Pollinate to seed the pseudo random number generator...
[    6.679246] [[0;32m  OK  [0m] Started Regular background program processing daemon.
[[0;32m  OK  [0m] Started FUSE filesystem for LXC.
         Starting LXD - container startup/shutdown...
         Starting Login Service...
         Starting LSB: MD monitoring daemon...
[[0;32m  OK  [0m] Started Deferred execution scheduler.
[[0;32m  OK  [0m] Started System Logging Service.
[[0;32m  OK  [0m] Started /etc/rc.local Compatibility.
         Starting Authenticate and Authorize Users to Run Privileged Tasks...
[[0;32m  OK  [0m] Started iSCSI initiator daemon (iscsid).
         Starting Login to default iSCSI targets...
[[0;32m  OK  [0m] Started LSB: Record successful boot for GRUB.
[[0;32m  OK  [0m] Started Login Service.
[[0;32m  OK  [0m] Started Unattended Upgrades Shutdown.
cloud-init[964]: |       o   .  E  |
[    6.719267] [[0;32m  OK  [0m] Started Login to default iSCSI targets.
[[0;32m  OK  [0m] Reached target Remote File Systems (Pre).
[[0;32m  OK  [0m] Reached target Remote File Systems.
         Starting LSB: Set the CPU Frequency Scaling governor to "ondemand"...
         Starting LSB: daemon to balance interrupts for SMP systems...
         Starting Permit User Sessions...
         Starting LSB: automatic crash report generation...
cloud-init[964]: |      . o . .o   |
[    6.738194] cloud-init[964]: |         +  oo   |[[0;32m  OK  [0m] Started Permit User Sessions.
         Starting Terminate Plymouth Boot Screen...
         Starting Hold until boot process finishes up...
[[0;32m  OK  [0m] Started Hold until boot process finishes up.
[[0;32m  OK  [0m] Started Serial Getty on ttyS0.
         Starting Set console scheme...
[[0;32m  OK  [0m] Started Getty on tty1.
[[0;32m  OK  [0m] Reached target Login Prompts.
[[0;32m  OK  [0m] Started Set console scheme.

[    6.758206] cloud-init[964]: |        .  .o    |[[0;32m  OK  [0m] Started Terminate Plymouth Boot Screen.

[    6.768857] cloud-init[964]: +----[SHA256]-----+
[    6.772367] cloud-init[964]: Generating public/private ecdsa key pair.[[0;32m  OK  [0m] Started LSB: Set the CPU Frequency Scaling governor to "ondemand".

[    6.778505] cloud-init[964]: [[0;32m  OK  [0m] Started LSB: daemon to balance interrupts for SMP systems.
Your identification has been saved in /etc/ssh/ssh_host_ecdsa_key.
[[0;32m  OK  [0m] Started LSB: MD monitoring daemon.
[    6.787154] cloud-init[964]: Your public key has been saved in /etc/ssh/ssh_host_ecdsa_key.pub.
[    6.791175] [[0;32m  OK  [0m] Started Authenticate and Authorize Users to Run Privileged Tasks.
cloud-init[964]: The key fingerprint is:
[[0;32m  OK  [0m] Started LSB: automatic crash report generation.
[[0;32m  OK  [0m] Started Accounts Service.
[    6.800012] cloud-init[964]: SHA256:v1SlHmX1PpNEYJBNon4Tlq2TBwLIMdBrbERl9VV3Z0E root@ubuntu-xenial
[    6.806499] cloud-init[964]: The key's randomart image is:
[    6.809372] cloud-init[964]: +---[ECDSA 256]---+
[    6.811312] cloud-init[964]: |   .=+++.. o==+EB|
[    6.813458] [[0;32m  OK  [0m] Started LXD - container startup/shutdown.
cloud-init[964]: |     =o . o.*..o=|
[    6.816640] cloud-init[964]: |    o .  o * .+..|
[    6.817675] cloud-init[964]: |     =  . o ==...|
[    6.820357] cloud-init[964]: |    o   S. *+. +.|
[    6.821131] cloud-init[964]: |         ..o+.  o|
[    6.821993] cloud-init[964]: |          o .    |
[    6.823172] cloud-init[964]: |         . .     |
[    6.824348] cloud-init[964]: |          .      |
[    6.825882] cloud-init[964]: +----[SHA256]-----+
[    6.826666] cloud-init[964]: Generating public/private ed25519 key pair.
[    6.827885] cloud-init[964]: Your identification has been saved in /etc/ssh/ssh_host_ed25519_key.
[    6.831299] cloud-init[964]: Your public key has been saved in /etc/ssh/ssh_host_ed25519_key.pub.
[    6.834171] cloud-init[964]: The key fingerprint is:
[    6.840204] cloud-init[964]: SHA256:7K7bx3RxG4uSshHoSjEdiyv2Yaxf5siLFYNXGBnjvBA root@ubuntu-xenial
[    6.841181] cloud-init[964]: The key's randomart image is:
[    6.841999] cloud-init[964]: +--[ED25519 256]--+
[    6.842639] cloud-init[964]: |  E +o           |
[    6.843260] cloud-init[964]: |   +.+.          |
[    6.846810] cloud-init[964]: |  . +o.+         |
[    6.848328] cloud-init[964]: |   o+o+..   . o  |
[    6.849111] cloud-init[964]: |  ..==  S. . + + |
[    6.850570] cloud-init[964]: |  o.*o..o + o o  |
[    6.851440] cloud-init[964]: | . *.oo .* o     |
[    6.852271] cloud-init[964]: |  .+o= o. o      |
[    6.853849] cloud-init[964]: |  ..=.+oo.       |
[    6.854770] cloud-init[964]: +----[SHA256]-----+
[[0;32m  OK  [0m] Started Virtualbox guest utils.
[[0;32m  OK  [0m] Started Snap Daemon.
         Starting Wait until snapd is fully seeded...
[[0;32m  OK  [0m] Started Pollinate to seed the pseudo random number generator.
         Starting OpenBSD Secure Shell server...
[[0;32m  OK  [0m] Started OpenBSD Secure Shell server.
[[0;32m  OK  [0m] Started Wait until snapd is fully seeded.
[[0;32m  OK  [0m] Reached target Multi-User System.
[[0;32m  OK  [0m] Reached target Graphical Interface.
         Starting Update UTMP about System Runlevel Changes...
         Starting Apply the settings specified in cloud-config...
[[0;32m  OK  [0m] Started Update UTMP about System Runlevel Changes.
[   10.325343] cloud-init[1318]: Generating locales (this might take a while)...
[   11.095557] cloud-init[1318]:   en_US.UTF-8... done
[   11.097359] cloud-init[1318]: Generation complete.
[   11.322376] cloud-init[1318]: Cloud-init v. 21.1-19-gbad84ad4-0ubuntu1~16.04.2 running 'modules:config' at Sun, 28 Aug 2022 16:54:20 +0000. Up 10.24 seconds.
[[0;32m  OK  [0m] Started Apply the settings specified in cloud-config.
         Starting Execute cloud user/final scripts...
ci-info: no authorized SSH keys fingerprin[[0;32m  OK  [0m] Stopped Unattended Upgrades Shutdown.
         Stopping Authenticate and Authorize Users to Run Privileged Tasks...
[[0;32m  OK  [0m] Stopped target Cloud-init target.
         Stopping Session 6 of user vagrant.
[[0;32m  OK  [0m] Closed Load/Save RF Kill Switch Status /dev/rfkill Watch.
[[0;32m  OK  [0m] Stopped Execute cloud user/final scripts.
[[0;32m  OK  [0m] Stopped Apply the settings specified in cloud-config.
[[0;32m  OK  [0m] Stopped target Cloud-config availability.
[[0;32m  OK  [0m] Stopped target Timers.
[[0;32m  OK  [0m] Stopped Daily apt upgrade and clean activities.
[[0;32m  OK  [0m] Stopped Daily Cleanup of Temporary Directories.
[[0;32m  OK  [0m] Stopped Daily apt download activities.
[[0;32m  OK  [0m] Stopped Message of the Day.
[[0;32m  OK  [0m] Stopped target Graphical Interface.
[[0;32m  OK  [0m] Stopped target Multi-User System.
[[0;32m  OK  [0m] Stopped kubelet: The Kubernetes Node Agent.
         Stopping D-Bus System Message Bus...
[[0;32m  OK  [0m] Stopped Wait until snapd is fully seeded.
         Stopping System Logging Service...
         Stopping LXD - container startup/shutdown...
         Stopping Deferred execution scheduler...
         Stopping Docker Application Container Engine...
         Stopping OpenBSD Secure Shell server...
         Stopping FUSE filesystem for LXC...
         Stopping Regular background program processing daemon...
         Stopping Virtualbox guest utils...
[[0;32m  OK  [0m] Stopped target Login Prompts.
         Stopping Serial Getty on ttyS0...
         Stopping Getty on tty1...
         Stopping LSB: MD monitoring daemon...
         Stopping LSB: Record successful boot for GRUB...
         Stopping LSB: Set the CPU Frequency Scaling governor to "ondemand"...
         Stopping LSB: daemon to balance interrupts for SMP systems...
         Stopping Accounts Service...
         Stopping LSB: automatic crash report generation...
[[0;32m  OK  [0m] Stopped Ubuntu Advantage update messaging.
[[0;32m  OK  [0m] Stopped target System Time Synchronized.
         Stopping LSB: Set up cgroupfs mounts....
         Stopping ACPI event daemon...
         Stopping User Manager for UID 1000...
[[0;32m  OK  [0m] Unmounted /var/lib/docker/aufs.
[[0;32m  OK  [0m] Unmounted /var/lib/lxcfs.
[[0;32m  OK  [0m] Stopped System Logging Service.
[[0;32m  OK  [0m] Stopped Regular background program processing daemon.
[[0;32m  OK  [0m] Stopped Accounts Service.
[[0;32m  OK  [0m] Stopped ACPI event daemon.
[[0;32m  OK  [0m] Stopped Deferred execution scheduler.
[[0;32m  OK  [0m] Stopped Authenticate and Authorize Users to Run Privileged Tasks.
[[0;32m  OK  [0m] Stopped Getty on tty1.
[[0;32m  OK  [0m] Stopped Serial Getty on ttyS0.
[[0;32m  OK  [0m] Stopped OpenBSD Secure Shell server.
[[0;32m  OK  [0m] Stopped User Manager for UID 1000.
[[0;32m  OK  [0m] Stopped Session 6 of user vagrant.
[[0;32m  OK  [0m] Stopped D-Bus System Message Bus.
[[0;32m  OK  [0m] Stopped LSB: Set up cgroupfs mounts..
[[0;32m  OK  [0m] Stopped FUSE filesystem for LXC.
[[0;32m  OK  [0m] Stopped LXD - container startup/shutdown.
[[0;32m  OK  [0m] Removed slice User Slice of vagrant.
         Stopping Login Service...
[[0;32m  OK  [0m] Removed slice system-serial\x2dgetty.slice.
[[0;32m  OK  [0m] Removed slice system-getty.slice.
[[0;32m  OK  [0m] Stopped /etc/rc.local Compatibility.
         Stopping Permit User Sessions...
[[0;32m  OK  [0m] Stopped Login Service.
[[0;32m  OK  [0m] Stopped LSB: MD monitoring daemon.
[[0;32m  OK  [0m] Stopped LSB: Record successful boot for GRUB.
[[0;32m  OK  [0m] Stopped LSB: Set the CPU Frequency Scaling governor to "ondemand".
[[0;32m  OK  [0m] Stopped LSB: daemon to balance interrupts for SMP systems.
[[0;32m  OK  [0m] Stopped LSB: automatic crash report generation.
[[0;32m  OK  [0m] Stopped Permit User Sessions.
[[0;32m  OK  [0m] Stopped Virtualbox guest utils.
[[0;32m  OK  [0m] Stopped target Remote File Systems.
         Unmounting /vagrant...
[[0;32m  OK  [0m] Stopped target User and Group Name Lookups.
[[0;32m  OK  [0m] Unmounted /vagrant.
[[0;32m  OK  [0m] Stopped target Remote File Systems (Pre).
         Stopping Login to default iSCSI targets...
[[0;32m  OK  [0m] Stopped Login to default iSCSI targets.
         Stopping iSCSI initiator daemon (iscsid)...
[[0;32m  OK  [0m] Stopped iSCSI initiator daemon (iscsid).
[[0;32m  OK  [0m] Stopped target Network is Online.
[[0;32m  OK  [0m] Stopped Docker Application Container Engine.
[[0;32m  OK  [0m] Stopped target Basic System.
[[0;32m  OK  [0m] Stopped target Sockets.
[[0;32m  OK  [0m] Closed LXD - unix socket.
[[0;32m  OK  [0m] Closed D-Bus System Message Bus Socket.
[[0;32m  OK  [0m] Closed ACPID Listen Socket.
[[0;32m  OK  [0m] Closed Syslog Socket.
[[0;32m  OK  [0m] Closed UUID daemon activation socket.
[[0;32m  OK  [0m] Closed Socket activation for snappy daemon.
[[0;32m  OK  [0m] Stopped target Paths.
[[0;32m  OK  [0m] Stopped Forward Password Requests to Wall Directory Watch.
[[0;32m  OK  [0m] Stopped Dispatch Password Requests to Console Directory Watch.
[[0;32m  OK  [0m] Stopped ACPI Events Check.
[[0;32m  OK  [0m] Stopped target Slices.
[[0;32m  OK  [0m] Removed slice User and Session Slice.
[[0;32m  OK  [0m] Stopped target Network.
[[0;32m  OK  [0m] Closed Docker Socket for the API.
[[0;32m  OK  [0m] Stopped target System Initialization.
[[0;32m  OK  [0m] Stopped target Swap.
[[0;32m  OK  [0m] Stopped Create Volatile Files and Directories.
         Stopping Load/Save Random Seed...
[[0;32m  OK  [0m] Stopped Commit a transient machine-id on disk.
         Stopping LSB: ebtables ruleset management...
[[0;32m  OK  [0m] Stopped target Encrypted Volumes.
[[0;32m  OK  [0m] Stopped Initial cloud-init job (metadata service crawler).
         Stopping Raise network interfaces...
[[0;32m  OK  [0m] Stopped Load/Save Random Seed.
[[0;32m  OK  [0m] Stopped LSB: ebtables ruleset management.
[[0;32m  OK  [0m] Stopped Raise network interfaces.
[[0;32m  OK  [0m] Stopped target Local File Systems.
         Unmounting /run/user/1000...
[[0;32m  OK  [0m] Stopped Apply Kernel Variables.
[[0;32m  OK  [0m] Stopped Load Kernel Modules.
[[0;32m  OK  [0m] Stopped target Network (Pre).
[[0;32m  OK  [0m] Stopped Initial cloud-init job (pre-networking).
[[0;32m  OK  [0m] Unmounted /run/user/1000.
[[0;32m  OK  [0m] Reached target Unmount All Filesystems.
[[0;32m  OK  [0m] Stopped target Local File Systems (Pre).
[[0;32m  OK  [0m] Stopped Create Static Device Nodes in /dev.
[[0;32m  OK  [0m] Stopped Remount Root and Kernel File Systems.
[[0;32m  OK  [0m] Reached target Shutdown.
[  643.783791] reboot: Power down
n socket.
[[0;32m  OK  [0m] Closed ACPID Listen Socket.
[[0;32m  OK  [0m] Closed LXD - unix socket.
[[0;32m  OK  [0m] Closed Syslog Socket.
[[0;32m  OK  [0m] Closed Docker Socket for the API.
[[0;32m  OK  [0m] Stopped target System Initialization.
[[0;32m  OK  [0m] Stopped Initial cloud-init job (metadata service crawler).
         Stopping Raise network interfaces...
         Stopping Load/Save Random Seed...
[[0;32m  OK  [0m] Stopped target Encrypted Volumes.
         Stopping LSB: ebtables ruleset management...
[[0;32m  OK  [0m] Stopped Commit a transient machine-id on disk.
[[0;32m  OK  [0m] Stopped target Swap.
[[0;32m  OK  [0m] Stopped Create Volatile Files and Directories.
[[0;32m  OK  [0m] Stopped Load/Save Random Seed.
[[0;32m  OK  [0m] Stopped LSB: ebtables ruleset management.
[[0;32m  OK  [0m] Stopped Raise network interfaces.
[[0;32m  OK  [0m] Stopped target Local File Systems.
         Unmounting /run/user/1000...
[[0;32m  OK  [0m] Stopped target Network (Pre).
[[0;32m  OK  [0m] Stopped Initial cloud-init job (pre-networking).
[[0;32m  OK  [0m] Stopped Apply Kernel Variables.
[[0;32m  OK  [0m] Stopped Load Kernel Modules.
[[0;32m  OK  [0m] Unmounted /run/user/1000.
[[0;32m  OK  [0m] Reached target Unmount All Filesystems.
[[0;32m  OK  [0m] Stopped target Local File Systems (Pre).
         Stopping Monitoring of LVM2 mirrors... dmeventd or progress polling...
[[0;32m  OK  [0m] Stopped Create Static Device Nodes in /dev.
[[0;32m  OK  [0m] Stopped Remount Root and Kernel File Systems.
[[0;32m  OK  [0m] Reached target Shutdown.
[  536.350582] reboot: Power down
ed Apply Kernel Variables.
[[0;32m  OK  [0m] Stopped Load Kernel Modules.
[[0;32m  OK  [0m] Unmounted /run/user/1000.
[[0;32m  OK  [0m] Reached target Unmount All Filesystems.
[[0;32m  OK  [0m] Stopped target Local File Systems (Pre).
[[0;32m  OK  [0m] Stopped Remount Root and Kernel File Systems.
         Stopping Monitoring of LVM2 mirrors... dmeventd or progress polling...
[[0;32m  OK  [0m] Stopped Create Static Device Nodes in /dev.
[[0;32m  OK  [0m] Reached target Shutdown.
[  432.286547] reboot: Power down
